{
  "uid" : "5e6fc4a0a16684ea",
  "name" : "test_signup_invalid_data[attrs2-at least 8 characters]",
  "fullName" : "tests.signup_page.test_signup_page.TestSignupPage#test_signup_invalid_data",
  "historyId" : "9b4f57acc4166cb7e636dd1b0f40f5a6",
  "time" : {
    "start" : 1737405394078,
    "stop" : 1737405395931,
    "duration" : 1853
  },
  "description" : "This test attempts to signup with invalid attributes, and checks for error messages.",
  "descriptionHtml" : "<p>This test attempts to signup with invalid attributes, and checks for error messages.</p>\n",
  "status" : "broken",
  "statusMessage" : "Exception: Message: element click intercepted: Element <button name=\"EMAIL_REG_FORM_SUBMIT\" id=\"EMAIL_REG_FORM_SUBMIT\" class=\"btn btn--primary btn--large btn--fluid\" type=\"submit\" aria-describedby=\"legalTextId\" data-click-tracking-data=\"{&quot;linkId&quot;:47252,&quot;pageId&quot;:&quot;4381686&quot;,&quot;type&quot;:&quot;_plsr&quot;,&quot;payload&quot;:{&quot;RegModuleName&quot;:&quot;BUYER_REG_PERSONAL_EMAIL_DWEB&quot;,&quot;bs&quot;:&quot;0&quot;,&quot;ul&quot;:&quot;en-US&quot;,&quot;uc&quot;:1}}\" data-viewport=\"{&quot;trackableId&quot;:&quot;01JJ2PWNHPAZR3GQ6WQC1G0Z3M&quot;}\" disabled=\"\">...</button> is not clickable at point (1308, 494). Other element would receive the click: <iframe id=\"captchaFrame\" src=\"/captcharouter_challenge?ap=1&amp;iim=hNTIuMi&amp;iia=FXjM0Ljuk&amp;iiz=gufQyLjEyZCE&amp;ru=https%3A%2F%2Fsignup.ebay.com%2Fajax%2Fvalidatefield&amp;iid=c477f5d6-c474-4dde-b0b2-36b89826d15f\" style=\"position: fixed; width: 100%; height: 100%; top: 0px; left: 0px; margin: 0px; padding: 0px; border: 0px; background-color: white; z-index: 99999;\"></iframe>\n  (Session info: chrome=131.0.6778.204)\nStacktrace:\n#0 0x56484f4d61fa <unknown>\n#1 0x56484efe6810 <unknown>\n#2 0x56484f03c206 <unknown>\n#3 0x56484f03a16d <unknown>\n#4 0x56484f037885 <unknown>\n#5 0x56484f036a48 <unknown>\n#6 0x56484f02a1f5 <unknown>\n#7 0x56484f059582 <unknown>\n#8 0x56484f029b38 <unknown>\n#9 0x56484f05974e <unknown>\n#10 0x56484f078007 <unknown>\n#11 0x56484f059323 <unknown>\n#12 0x56484f027de0 <unknown>\n#13 0x56484f028dbe <unknown>\n#14 0x56484f4a212b <unknown>\n#15 0x56484f4a60c7 <unknown>\n#16 0x56484f48f6cc <unknown>\n#17 0x56484f4a6c47 <unknown>\n#18 0x56484f47467f <unknown>\n#19 0x56484f4c5288 <unknown>\n#20 0x56484f4c5450 <unknown>\n#21 0x56484f4d5076 <unknown>\n#22 0x7fe7f789ca94 <unknown>\n#23 0x7fe7f7929c3c <unknown>\n\nFailed to click on EMAIL_REG_FORM_SUBMIT",
  "statusTrace" : "self = <src.pages.signup_page.SignupPage object at 0x7fc6afeecd70>, how = 'id'\nwhat = 'EMAIL_REG_FORM_SUBMIT', element_appeared = None, timeout = 10\nis_to_scroll = True\n\n    def press_the_button(self, how, what, element_appeared=None, timeout=10, is_to_scroll=True):\n        \"\"\"how: which type of selectors is used, ex., By.CSS_SELECTOR\n           what: elements selector itself that should be filled, ex., [id='username']\n           element_appeared: page element that appears after the pressing the button; consists of 2 params: how, what\n        \"\"\"\n        try:\n            button = self.find_element(how, what, timeout=timeout)\n            WebDriverWait(self.browser, timeout=timeout).until_not(EC.staleness_of(button))\n            actions = ActionChains(self.browser)\n        except TimeoutException:\n            raise TimeoutException(f\"element {what} didn't appear in {timeout} secs\")\n        if is_to_scroll:\n            actions.move_to_element(button).perform()\n        try:\n>           button.click()\n\nsrc/pages/base_page.py:58: \n_ _ _ _ _ _ _ _ _ _ _ _ _ _ _ _ _ _ _ _ _ _ _ _ _ _ _ _ _ _ _ _ _ _ _ _ _ _ _ _ \n/opt/hostedtoolcache/Python/3.12.8/x64/lib/python3.12/site-packages/selenium/webdriver/remote/webelement.py:94: in click\n    self._execute(Command.CLICK_ELEMENT)\n/opt/hostedtoolcache/Python/3.12.8/x64/lib/python3.12/site-packages/selenium/webdriver/remote/webelement.py:395: in _execute\n    return self._parent.execute(command, params)\n/opt/hostedtoolcache/Python/3.12.8/x64/lib/python3.12/site-packages/selenium/webdriver/remote/webdriver.py:384: in execute\n    self.error_handler.check_response(response)\n_ _ _ _ _ _ _ _ _ _ _ _ _ _ _ _ _ _ _ _ _ _ _ _ _ _ _ _ _ _ _ _ _ _ _ _ _ _ _ _ \n\nself = <selenium.webdriver.remote.errorhandler.ErrorHandler object at 0x7fc6afe67bf0>\nresponse = {'status': 400, 'value': '{\"value\":{\"error\":\"element click intercepted\",\"message\":\"element click intercepted: Element ...\\\\n#21 0x56484f4d5076 \\\\u003Cunknown>\\\\n#22 0x7fe7f789ca94 \\\\u003Cunknown>\\\\n#23 0x7fe7f7929c3c \\\\u003Cunknown>\\\\n\"}}'}\n\n    def check_response(self, response: Dict[str, Any]) -> None:\n        \"\"\"Checks that a JSON response from the WebDriver does not have an\n        error.\n    \n        :Args:\n         - response - The JSON response from the WebDriver server as a dictionary\n           object.\n    \n        :Raises: If the response contains an error message.\n        \"\"\"\n        status = response.get(\"status\", None)\n        if not status or status == ErrorCode.SUCCESS:\n            return\n        value = None\n        message = response.get(\"message\", \"\")\n        screen: str = response.get(\"screen\", \"\")\n        stacktrace = None\n        if isinstance(status, int):\n            value_json = response.get(\"value\", None)\n            if value_json and isinstance(value_json, str):\n                import json\n    \n                try:\n                    value = json.loads(value_json)\n                    if len(value) == 1:\n                        value = value[\"value\"]\n                    status = value.get(\"error\", None)\n                    if not status:\n                        status = value.get(\"status\", ErrorCode.UNKNOWN_ERROR)\n                        message = value.get(\"value\") or value.get(\"message\")\n                        if not isinstance(message, str):\n                            value = message\n                            message = message.get(\"message\")\n                    else:\n                        message = value.get(\"message\", None)\n                except ValueError:\n                    pass\n    \n        exception_class: Type[WebDriverException]\n        e = ErrorCode()\n        error_codes = [item for item in dir(e) if not item.startswith(\"__\")]\n        for error_code in error_codes:\n            error_info = getattr(ErrorCode, error_code)\n            if isinstance(error_info, list) and status in error_info:\n                exception_class = getattr(ExceptionMapping, error_code, WebDriverException)\n                break\n        else:\n            exception_class = WebDriverException\n    \n        if not value:\n            value = response[\"value\"]\n        if isinstance(value, str):\n            raise exception_class(value)\n        if message == \"\" and \"message\" in value:\n            message = value[\"message\"]\n    \n        screen = None  # type: ignore[assignment]\n        if \"screen\" in value:\n            screen = value[\"screen\"]\n    \n        stacktrace = None\n        st_value = value.get(\"stackTrace\") or value.get(\"stacktrace\")\n        if st_value:\n            if isinstance(st_value, str):\n                stacktrace = st_value.split(\"\\n\")\n            else:\n                stacktrace = []\n                try:\n                    for frame in st_value:\n                        line = frame.get(\"lineNumber\", \"\")\n                        file = frame.get(\"fileName\", \"<anonymous>\")\n                        if line:\n                            file = f\"{file}:{line}\"\n                        meth = frame.get(\"methodName\", \"<anonymous>\")\n                        if \"className\" in frame:\n                            meth = f\"{frame['className']}.{meth}\"\n                        msg = \"    at %s (%s)\"\n                        msg = msg % (meth, file)\n                        stacktrace.append(msg)\n                except TypeError:\n                    pass\n        if exception_class == UnexpectedAlertPresentException:\n            alert_text = None\n            if \"data\" in value:\n                alert_text = value[\"data\"].get(\"text\")\n            elif \"alert\" in value:\n                alert_text = value[\"alert\"].get(\"text\")\n            raise exception_class(message, screen, stacktrace, alert_text)  # type: ignore[call-arg]  # mypy is not smart enough here\n>       raise exception_class(message, screen, stacktrace)\nE       selenium.common.exceptions.ElementClickInterceptedException: Message: element click intercepted: Element <button name=\"EMAIL_REG_FORM_SUBMIT\" id=\"EMAIL_REG_FORM_SUBMIT\" class=\"btn btn--primary btn--large btn--fluid\" type=\"submit\" aria-describedby=\"legalTextId\" data-click-tracking-data=\"{&quot;linkId&quot;:47252,&quot;pageId&quot;:&quot;4381686&quot;,&quot;type&quot;:&quot;_plsr&quot;,&quot;payload&quot;:{&quot;RegModuleName&quot;:&quot;BUYER_REG_PERSONAL_EMAIL_DWEB&quot;,&quot;bs&quot;:&quot;0&quot;,&quot;ul&quot;:&quot;en-US&quot;,&quot;uc&quot;:1}}\" data-viewport=\"{&quot;trackableId&quot;:&quot;01JJ2PWNHPAZR3GQ6WQC1G0Z3M&quot;}\" disabled=\"\">...</button> is not clickable at point (1308, 494). Other element would receive the click: <iframe id=\"captchaFrame\" src=\"/captcharouter_challenge?ap=1&amp;iim=hNTIuMi&amp;iia=FXjM0Ljuk&amp;iiz=gufQyLjEyZCE&amp;ru=https%3A%2F%2Fsignup.ebay.com%2Fajax%2Fvalidatefield&amp;iid=c477f5d6-c474-4dde-b0b2-36b89826d15f\" style=\"position: fixed; width: 100%; height: 100%; top: 0px; left: 0px; margin: 0px; padding: 0px; border: 0px; background-color: white; z-index: 99999;\"></iframe>\nE         (Session info: chrome=131.0.6778.204)\nE       Stacktrace:\nE       #0 0x56484f4d61fa <unknown>\nE       #1 0x56484efe6810 <unknown>\nE       #2 0x56484f03c206 <unknown>\nE       #3 0x56484f03a16d <unknown>\nE       #4 0x56484f037885 <unknown>\nE       #5 0x56484f036a48 <unknown>\nE       #6 0x56484f02a1f5 <unknown>\nE       #7 0x56484f059582 <unknown>\nE       #8 0x56484f029b38 <unknown>\nE       #9 0x56484f05974e <unknown>\nE       #10 0x56484f078007 <unknown>\nE       #11 0x56484f059323 <unknown>\nE       #12 0x56484f027de0 <unknown>\nE       #13 0x56484f028dbe <unknown>\nE       #14 0x56484f4a212b <unknown>\nE       #15 0x56484f4a60c7 <unknown>\nE       #16 0x56484f48f6cc <unknown>\nE       #17 0x56484f4a6c47 <unknown>\nE       #18 0x56484f47467f <unknown>\nE       #19 0x56484f4c5288 <unknown>\nE       #20 0x56484f4c5450 <unknown>\nE       #21 0x56484f4d5076 <unknown>\nE       #22 0x7fe7f789ca94 <unknown>\nE       #23 0x7fe7f7929c3c <unknown>\n\n/opt/hostedtoolcache/Python/3.12.8/x64/lib/python3.12/site-packages/selenium/webdriver/remote/errorhandler.py:232: ElementClickInterceptedException\n\nDuring handling of the above exception, another exception occurred:\n\nself = <tests.signup_page.test_signup_page.TestSignupPage object at 0x7fc6b000be00>\npage = <src.pages.signup_page.SignupPage object at 0x7fc6afeecd70>\nattrs = {'email': 'unsawrtuasbsxs121@gmail.com', 'first_name': 'cntcqn', 'last_name': 'tvezbd', 'password': 'badpass'}\nerror_msg = 'at least 8 characters'\n\n    @allure.severity(allure.severity_level.MINOR)\n    @pytest.mark.parametrize('attrs, error_msg', [\n        ({\n            \"first_name\": conftest.generate_random_text(6),\n            \"last_name\": conftest.generate_random_text(6),\n            \"email\": \"invalid_email\",\n            \"password\": \"#EbayTesting12\"\n        }, \"Email address is invalid\"),\n        ({\n            \"first_name\": \"\",\n            \"last_name\": conftest.generate_random_text(6),\n            \"email\": f\"{conftest.generate_random_text(14)}121@gmail.com\",\n            \"password\": \"#EbayTesting12\"\n        }, \"Please enter your first name\"),\n        ({\n            \"first_name\": conftest.generate_random_text(6),\n            \"last_name\": conftest.generate_random_text(6),\n            \"email\": f\"{conftest.generate_random_text(14)}121@gmail.com\",\n            \"password\": \"badpass\"\n        }, \"at least 8 characters\"),\n    ])\n    def test_signup_invalid_data(self, page, attrs, error_msg):\n        allure.dynamic.description(f\"This test attempts to signup with invalid attributes, and checks for error messages.\")\n        page.fill_signup_page(attributes=attrs)\n>       page.press_the_button(*SignupPageLocators.CREATE_ACCOUNT_BTN)\n\ntests/signup_page/test_signup_page.py:47: \n_ _ _ _ _ _ _ _ _ _ _ _ _ _ _ _ _ _ _ _ _ _ _ _ _ _ _ _ _ _ _ _ _ _ _ _ _ _ _ _ \n\nself = <src.pages.signup_page.SignupPage object at 0x7fc6afeecd70>, how = 'id'\nwhat = 'EMAIL_REG_FORM_SUBMIT', element_appeared = None, timeout = 10\nis_to_scroll = True\n\n    def press_the_button(self, how, what, element_appeared=None, timeout=10, is_to_scroll=True):\n        \"\"\"how: which type of selectors is used, ex., By.CSS_SELECTOR\n           what: elements selector itself that should be filled, ex., [id='username']\n           element_appeared: page element that appears after the pressing the button; consists of 2 params: how, what\n        \"\"\"\n        try:\n            button = self.find_element(how, what, timeout=timeout)\n            WebDriverWait(self.browser, timeout=timeout).until_not(EC.staleness_of(button))\n            actions = ActionChains(self.browser)\n        except TimeoutException:\n            raise TimeoutException(f\"element {what} didn't appear in {timeout} secs\")\n        if is_to_scroll:\n            actions.move_to_element(button).perform()\n        try:\n            button.click()\n        except Exception as e:\n>           raise Exception(f\"{e}\\nFailed to click on {what}\")\nE           Exception: Message: element click intercepted: Element <button name=\"EMAIL_REG_FORM_SUBMIT\" id=\"EMAIL_REG_FORM_SUBMIT\" class=\"btn btn--primary btn--large btn--fluid\" type=\"submit\" aria-describedby=\"legalTextId\" data-click-tracking-data=\"{&quot;linkId&quot;:47252,&quot;pageId&quot;:&quot;4381686&quot;,&quot;type&quot;:&quot;_plsr&quot;,&quot;payload&quot;:{&quot;RegModuleName&quot;:&quot;BUYER_REG_PERSONAL_EMAIL_DWEB&quot;,&quot;bs&quot;:&quot;0&quot;,&quot;ul&quot;:&quot;en-US&quot;,&quot;uc&quot;:1}}\" data-viewport=\"{&quot;trackableId&quot;:&quot;01JJ2PWNHPAZR3GQ6WQC1G0Z3M&quot;}\" disabled=\"\">...</button> is not clickable at point (1308, 494). Other element would receive the click: <iframe id=\"captchaFrame\" src=\"/captcharouter_challenge?ap=1&amp;iim=hNTIuMi&amp;iia=FXjM0Ljuk&amp;iiz=gufQyLjEyZCE&amp;ru=https%3A%2F%2Fsignup.ebay.com%2Fajax%2Fvalidatefield&amp;iid=c477f5d6-c474-4dde-b0b2-36b89826d15f\" style=\"position: fixed; width: 100%; height: 100%; top: 0px; left: 0px; margin: 0px; padding: 0px; border: 0px; background-color: white; z-index: 99999;\"></iframe>\nE             (Session info: chrome=131.0.6778.204)\nE           Stacktrace:\nE           #0 0x56484f4d61fa <unknown>\nE           #1 0x56484efe6810 <unknown>\nE           #2 0x56484f03c206 <unknown>\nE           #3 0x56484f03a16d <unknown>\nE           #4 0x56484f037885 <unknown>\nE           #5 0x56484f036a48 <unknown>\nE           #6 0x56484f02a1f5 <unknown>\nE           #7 0x56484f059582 <unknown>\nE           #8 0x56484f029b38 <unknown>\nE           #9 0x56484f05974e <unknown>\nE           #10 0x56484f078007 <unknown>\nE           #11 0x56484f059323 <unknown>\nE           #12 0x56484f027de0 <unknown>\nE           #13 0x56484f028dbe <unknown>\nE           #14 0x56484f4a212b <unknown>\nE           #15 0x56484f4a60c7 <unknown>\nE           #16 0x56484f48f6cc <unknown>\nE           #17 0x56484f4a6c47 <unknown>\nE           #18 0x56484f47467f <unknown>\nE           #19 0x56484f4c5288 <unknown>\nE           #20 0x56484f4c5450 <unknown>\nE           #21 0x56484f4d5076 <unknown>\nE           #22 0x7fe7f789ca94 <unknown>\nE           #23 0x7fe7f7929c3c <unknown>\nE           \nE           Failed to click on EMAIL_REG_FORM_SUBMIT\n\nsrc/pages/base_page.py:60: Exception",
  "flaky" : false,
  "newFailed" : false,
  "beforeStages" : [ {
    "name" : "browser",
    "time" : {
      "start" : 1737405387014,
      "stop" : 1737405387739,
      "duration" : 725
    },
    "status" : "passed",
    "steps" : [ ],
    "attachments" : [ ],
    "parameters" : [ ],
    "stepsCount" : 0,
    "attachmentsCount" : 0,
    "shouldDisplayMessage" : false,
    "hasContent" : false
  }, {
    "name" : "page",
    "time" : {
      "start" : 1737405394074,
      "stop" : 1737405394077,
      "duration" : 3
    },
    "status" : "passed",
    "steps" : [ ],
    "attachments" : [ ],
    "parameters" : [ ],
    "stepsCount" : 0,
    "attachmentsCount" : 0,
    "shouldDisplayMessage" : false,
    "hasContent" : false
  }, {
    "name" : "pytestconfig",
    "time" : {
      "start" : 1737405335814,
      "stop" : 1737405335814,
      "duration" : 0
    },
    "status" : "passed",
    "steps" : [ ],
    "attachments" : [ ],
    "parameters" : [ ],
    "stepsCount" : 0,
    "attachmentsCount" : 0,
    "shouldDisplayMessage" : false,
    "hasContent" : false
  }, {
    "name" : "log_report",
    "time" : {
      "start" : 1737405394078,
      "stop" : 1737405394078,
      "duration" : 0
    },
    "status" : "passed",
    "steps" : [ ],
    "attachments" : [ ],
    "parameters" : [ ],
    "stepsCount" : 0,
    "attachmentsCount" : 0,
    "shouldDisplayMessage" : false,
    "hasContent" : false
  } ],
  "afterStages" : [ {
    "name" : "browser::0",
    "time" : {
      "start" : 1737405396105,
      "stop" : 1737405396232,
      "duration" : 127
    },
    "status" : "passed",
    "steps" : [ ],
    "attachments" : [ ],
    "parameters" : [ ],
    "stepsCount" : 0,
    "attachmentsCount" : 0,
    "shouldDisplayMessage" : false,
    "hasContent" : false
  }, {
    "name" : "log_report::0",
    "time" : {
      "start" : 1737405395963,
      "stop" : 1737405396104,
      "duration" : 141
    },
    "status" : "passed",
    "steps" : [ ],
    "attachments" : [ {
      "uid" : "d030cc1125c2c90e",
      "name" : "test_signup_invalid_data_attrs2-at least 8 charact_screenshot.png",
      "source" : "d030cc1125c2c90e.png",
      "type" : "image/png",
      "size" : 66301
    }, {
      "uid" : "f5286c05bf504fb7",
      "name" : "test_signup_invalid_data_attrs2-at least 8 charact_Console",
      "source" : "f5286c05bf504fb7.txt",
      "type" : "text/plain",
      "size" : 1561
    } ],
    "parameters" : [ ],
    "stepsCount" : 0,
    "attachmentsCount" : 2,
    "shouldDisplayMessage" : false,
    "hasContent" : true
  } ],
  "labels" : [ {
    "name" : "severity",
    "value" : "minor"
  }, {
    "name" : "parentSuite",
    "value" : "tests.signup_page"
  }, {
    "name" : "suite",
    "value" : "test_signup_page"
  }, {
    "name" : "subSuite",
    "value" : "TestSignupPage"
  }, {
    "name" : "host",
    "value" : "fv-az1913-161"
  }, {
    "name" : "thread",
    "value" : "2647-MainThread"
  }, {
    "name" : "framework",
    "value" : "pytest"
  }, {
    "name" : "language",
    "value" : "cpython3"
  }, {
    "name" : "package",
    "value" : "tests.signup_page.test_signup_page"
  }, {
    "name" : "resultFormat",
    "value" : "allure2"
  } ],
  "parameters" : [ {
    "name" : "attrs",
    "value" : "{'first_name': 'cntcqn', 'last_name': 'tvezbd', 'email': 'unsawrtuasbsxs121@gmail.com', 'password': 'badpass'}"
  }, {
    "name" : "error_msg",
    "value" : "'at least 8 characters'"
  } ],
  "links" : [ ],
  "hidden" : false,
  "retry" : false,
  "extra" : {
    "severity" : "minor",
    "retries" : [ ],
    "categories" : [ {
      "name" : "Test defects",
      "matchedStatuses" : [ ],
      "flaky" : false
    } ],
    "tags" : [ ]
  },
  "source" : "5e6fc4a0a16684ea.json",
  "parameterValues" : [ "{'first_name': 'cntcqn', 'last_name': 'tvezbd', 'email': 'unsawrtuasbsxs121@gmail.com', 'password': 'badpass'}", "'at least 8 characters'" ]
}